<?xml version="1.0" encoding="UTF-8"?>
<testsuite xmlns:xsi="http://www.w3.org/2001/XMLSchema-instance" xsi:noNamespaceSchemaLocation="https://maven.apache.org/surefire/maven-surefire-plugin/xsd/surefire-test-report.xsd" version="3.0.2" name="com.att.sane.portal.crypto.CryptoApplicationTests" time="1.387" tests="1" errors="0" skipped="0" failures="0">
  <properties>
[...]
</properties>
  <testcase name="contextLoads" classname="com.att.sane.portal.crypto.CryptoApplicationTests" time="0.64">
    <system-out><![CDATA[11:22:19.083 [main] INFO org.springframework.test.context.support.AnnotationConfigContextLoaderUtils -- Could not detect default configuration classes for test class [com.att.sane.portal.crypto.CryptoApplicationTests]: CryptoApplicationTests does not declare any static, non-private, non-final, nested classes annotated with @Configuration.
11:22:19.132 [main] INFO org.springframework.boot.test.context.SpringBootTestContextBootstrapper -- Found @SpringBootConfiguration com.att.sane.portal.crypto.CryptoApplication for test class com.att.sane.portal.crypto.CryptoApplicationTests

  .   ____          _            __ _ _
 /\\ / ___'_ __ _ _(_)_ __  __ _ \ \ \ \
( ( )\___ | '_ | '_| | '_ \/ _` | \ \ \ \
 \\/  ___)| |_)| | | | | || (_| |  ) ) ) )
  '  |____| .__|_| |_|_| |_\__, | / / / /
 =========|_|==============|___/=/_/_/_/

 :: Spring Boot ::                (v3.4.4)

2025-04-18T11:22:19.292+03:00  INFO 10849 --- [crypto] [           main] c.a.s.p.crypto.CryptoApplicationTests    : Starting CryptoApplicationTests using Java 21.0.5 with PID 10849 (started by db384r in /Users/db384r/Documents/Dvir/crypto/crypto)
2025-04-18T11:22:19.293+03:00  INFO 10849 --- [crypto] [           main] c.a.s.p.crypto.CryptoApplicationTests    : No active profile set, falling back to 1 default profile: "default"
2025-04-18T11:22:19.744+03:00  INFO 10849 --- [crypto] [           main] .w.s.a.s.AnnotationActionEndpointMapping : Supporting [WS-Addressing August 2004, WS-Addressing 1.0]
2025-04-18T11:22:19.759+03:00  INFO 10849 --- [crypto] [           main] c.a.s.p.crypto.CryptoApplicationTests    : Started CryptoApplicationTests in 0.57 seconds (process running for 0.961)
]]></system-out>
    <system-err><![CDATA[Mockito is currently self-attaching to enable the inline-mock-maker. This will no longer work in future releases of the JDK. Please add Mockito as an agent to your build what is described in Mockito's documentation: https://javadoc.io/doc/org.mockito/mockito-core/latest/org/mockito/Mockito.html#0.3
WARNING: A Java agent has been loaded dynamically (/Users/db384r/.m2/repository/net/bytebuddy/byte-buddy-agent/1.15.11/byte-buddy-agent-1.15.11.jar)
WARNING: If a serviceability tool is in use, please run with -XX:+EnableDynamicAgentLoading to hide this warning
WARNING: If a serviceability tool is not in use, please run with -Djdk.instrument.traceUsage for more information
WARNING: Dynamic loading of agents will be disallowed by default in a future release
]]></system-err>
  </testcase>
</testsuite>